<?xml version="1.0" encoding="UTF-8"?>
<!-- Generated by org.testng.reporters.JUnitReportReporter -->
<testsuite hostname="Shivams-MacBook-Pro.local" failures="0" tests="2" name="com.qa.opencart.tests.TrajectorSmokeTest" time="18.577" errors="0" timestamp="2025-09-08T12:12:58 IST" skipped="0">
  <testcase classname="com.qa.opencart.tests.TrajectorSmokeTest" name="trajectorMedicalGetStartedPageTest" time="18.157"/>
  <testcase classname="com.qa.opencart.tests.TrajectorSmokeTest" name="trajectorMedicalHomePageTest" time="0.420"/>
</testsuite> <!-- com.qa.opencart.tests.TrajectorSmokeTest -->
