<?xml version="1.0" encoding="UTF-8"?>
<!-- Generated by org.testng.reporters.JUnitReportReporter -->
<testsuite hostname="Shivams-MacBook-Pro.local" failures="0" tests="1" name="com.qa.opencart.tests.HomePageTest" time="29.254" errors="0" timestamp="2025-09-07T21:40:10 IST" skipped="0">
  <testcase classname="com.qa.opencart.tests.HomePageTest" name="trajectorMedicalSmokeTest" time="29.254"/>
</testsuite> <!-- com.qa.opencart.tests.HomePageTest -->
