<?xml version="1.0" encoding="UTF-8"?>
<!-- Generated by org.testng.reporters.JUnitReportReporter -->
<testsuite hostname="Shivams-MacBook-Pro.local" failures="0" tests="2" name="com.qa.tests.TrajectorSmokeTest" time="12.222" errors="0" timestamp="2025-09-08T12:55:03 IST" skipped="0">
  <testcase classname="com.qa.tests.TrajectorSmokeTest" name="trajectorMedicalHomePageTest" time="0.399"/>
  <testcase classname="com.qa.tests.TrajectorSmokeTest" name="trajectorMedicalGetStartedPageTest" time="11.823"/>
</testsuite> <!-- com.qa.tests.TrajectorSmokeTest -->
