<?xml version="1.0" encoding="UTF-8"?>
<testsuite xmlns:xsi="http://www.w3.org/2001/XMLSchema-instance" xsi:noNamespaceSchemaLocation="https://maven.apache.org/surefire/maven-surefire-plugin/xsd/surefire-test-report-3.0.xsd" version="3.0" name="TestSuite" time="20.354" tests="2" errors="0" skipped="0" failures="0">
  <properties>
    <property name="gopherProxySet" value="false"/>
    <property name="awt.toolkit" value="sun.lwawt.macosx.LWCToolkit"/>
    <property name="java.specification.version" value="11"/>
    <property name="sun.cpu.isalist" value=""/>
    <property name="sun.jnu.encoding" value="UTF-8"/>
    <property name="java.class.path" value="/Users/shivamchopra/Documents/Assingments/Trajector_Assingment/target/test-classes:/Users/shivamchopra/Documents/Assingments/Trajector_Assingment/target/classes:/Users/shivamchopra/.m2/repository/com/microsoft/playwright/playwright/1.48.0/playwright-1.48.0.jar:/Users/shivamchopra/.m2/repository/com/google/code/gson/gson/2.11.0/gson-2.11.0.jar:/Users/shivamchopra/.m2/repository/com/google/errorprone/error_prone_annotations/2.27.0/error_prone_annotations-2.27.0.jar:/Users/shivamchopra/.m2/repository/org/opentest4j/opentest4j/1.3.0/opentest4j-1.3.0.jar:/Users/shivamchopra/.m2/repository/com/microsoft/playwright/driver/1.48.0/driver-1.48.0.jar:/Users/shivamchopra/.m2/repository/com/microsoft/playwright/driver-bundle/1.48.0/driver-bundle-1.48.0.jar:/Users/shivamchopra/.m2/repository/org/testng/testng/7.9.0/testng-7.9.0.jar:/Users/shivamchopra/.m2/repository/org/slf4j/slf4j-api/1.7.36/slf4j-api-1.7.36.jar:/Users/shivamchopra/.m2/repository/com/beust/jcommander/1.82/jcommander-1.82.jar:/Users/shivamchopra/.m2/repository/org/webjars/jquery/3.7.1/jquery-3.7.1.jar:/Users/shivamchopra/.m2/repository/com/aventstack/extentreports/5.0.8/extentreports-5.0.8.jar:/Users/shivamchopra/.m2/repository/io/reactivex/rxjava3/rxjava/3.0.4/rxjava-3.0.4.jar:/Users/shivamchopra/.m2/repository/org/reactivestreams/reactive-streams/1.0.3/reactive-streams-1.0.3.jar:/Users/shivamchopra/.m2/repository/org/freemarker/freemarker/2.3.30/freemarker-2.3.30.jar:/Users/shivamchopra/.m2/repository/org/projectlombok/lombok/1.18.12/lombok-1.18.12.jar:/Users/shivamchopra/.m2/repository/com/github/javafaker/javafaker/1.0.2/javafaker-1.0.2.jar:/Users/shivamchopra/.m2/repository/org/apache/commons/commons-lang3/3.5/commons-lang3-3.5.jar:/Users/shivamchopra/.m2/repository/org/yaml/snakeyaml/1.23/snakeyaml-1.23-android.jar:/Users/shivamchopra/.m2/repository/com/github/mifmif/generex/1.0.2/generex-1.0.2.jar:/Users/shivamchopra/.m2/repository/dk/brics/automaton/automaton/1.11-8/automaton-1.11-8.jar:/Users/shivamchopra/.m2/repository/org/apache/logging/log4j/log4j-core/2.20.0/log4j-core-2.20.0.jar:/Users/shivamchopra/.m2/repository/org/apache/logging/log4j/log4j-api/2.20.0/log4j-api-2.20.0.jar:/Users/shivamchopra/.m2/repository/org/apache/logging/log4j/log4j-slf4j-impl/2.20.0/log4j-slf4j-impl-2.20.0.jar:"/>
    <property name="java.vm.vendor" value="Homebrew"/>
    <property name="sun.arch.data.model" value="64"/>
    <property name="java.vendor.url" value="https://github.com/Homebrew/homebrew-core/issues"/>
    <property name="user.timezone" value="Asia/Kolkata"/>
    <property name="java.vm.specification.version" value="11"/>
    <property name="os.name" value="Mac OS X"/>
    <property name="sun.java.launcher" value="SUN_STANDARD"/>
    <property name="user.country" value="US"/>
    <property name="sun.boot.library.path" value="/opt/homebrew/Cellar/openjdk@11/11.0.28/libexec/openjdk.jdk/Contents/Home/lib"/>
    <property name="sun.java.command" value="/Users/shivamchopra/Documents/Assingments/Trajector_Assingment/target/surefire/surefirebooter-20250908125443010_3.jar /Users/shivamchopra/Documents/Assingments/Trajector_Assingment/target/surefire 2025-09-08T12-54-42_956-jvmRun1 surefire-20250908125443010_1tmp surefire_0-20250908125443010_2tmp"/>
    <property name="http.nonProxyHosts" value="local|*.local|169.254/16|*.169.254/16"/>
    <property name="jdk.debug" value="release"/>
    <property name="surefire.test.class.path" value="/Users/shivamchopra/Documents/Assingments/Trajector_Assingment/target/test-classes:/Users/shivamchopra/Documents/Assingments/Trajector_Assingment/target/classes:/Users/shivamchopra/.m2/repository/com/microsoft/playwright/playwright/1.48.0/playwright-1.48.0.jar:/Users/shivamchopra/.m2/repository/com/google/code/gson/gson/2.11.0/gson-2.11.0.jar:/Users/shivamchopra/.m2/repository/com/google/errorprone/error_prone_annotations/2.27.0/error_prone_annotations-2.27.0.jar:/Users/shivamchopra/.m2/repository/org/opentest4j/opentest4j/1.3.0/opentest4j-1.3.0.jar:/Users/shivamchopra/.m2/repository/com/microsoft/playwright/driver/1.48.0/driver-1.48.0.jar:/Users/shivamchopra/.m2/repository/com/microsoft/playwright/driver-bundle/1.48.0/driver-bundle-1.48.0.jar:/Users/shivamchopra/.m2/repository/org/testng/testng/7.9.0/testng-7.9.0.jar:/Users/shivamchopra/.m2/repository/org/slf4j/slf4j-api/1.7.36/slf4j-api-1.7.36.jar:/Users/shivamchopra/.m2/repository/com/beust/jcommander/1.82/jcommander-1.82.jar:/Users/shivamchopra/.m2/repository/org/webjars/jquery/3.7.1/jquery-3.7.1.jar:/Users/shivamchopra/.m2/repository/com/aventstack/extentreports/5.0.8/extentreports-5.0.8.jar:/Users/shivamchopra/.m2/repository/io/reactivex/rxjava3/rxjava/3.0.4/rxjava-3.0.4.jar:/Users/shivamchopra/.m2/repository/org/reactivestreams/reactive-streams/1.0.3/reactive-streams-1.0.3.jar:/Users/shivamchopra/.m2/repository/org/freemarker/freemarker/2.3.30/freemarker-2.3.30.jar:/Users/shivamchopra/.m2/repository/org/projectlombok/lombok/1.18.12/lombok-1.18.12.jar:/Users/shivamchopra/.m2/repository/com/github/javafaker/javafaker/1.0.2/javafaker-1.0.2.jar:/Users/shivamchopra/.m2/repository/org/apache/commons/commons-lang3/3.5/commons-lang3-3.5.jar:/Users/shivamchopra/.m2/repository/org/yaml/snakeyaml/1.23/snakeyaml-1.23-android.jar:/Users/shivamchopra/.m2/repository/com/github/mifmif/generex/1.0.2/generex-1.0.2.jar:/Users/shivamchopra/.m2/repository/dk/brics/automaton/automaton/1.11-8/automaton-1.11-8.jar:/Users/shivamchopra/.m2/repository/org/apache/logging/log4j/log4j-core/2.20.0/log4j-core-2.20.0.jar:/Users/shivamchopra/.m2/repository/org/apache/logging/log4j/log4j-api/2.20.0/log4j-api-2.20.0.jar:/Users/shivamchopra/.m2/repository/org/apache/logging/log4j/log4j-slf4j-impl/2.20.0/log4j-slf4j-impl-2.20.0.jar:"/>
    <property name="sun.cpu.endian" value="little"/>
    <property name="user.home" value="/Users/shivamchopra"/>
    <property name="user.language" value="en"/>
    <property name="java.specification.vendor" value="Oracle Corporation"/>
    <property name="java.version.date" value="2025-07-15"/>
    <property name="java.home" value="/opt/homebrew/Cellar/openjdk@11/11.0.28/libexec/openjdk.jdk/Contents/Home"/>
    <property name="file.separator" value="/"/>
    <property name="basedir" value="/Users/shivamchopra/Documents/Assingments/Trajector_Assingment"/>
    <property name="java.vm.compressedOopsMode" value="Zero based"/>
    <property name="line.separator" value="&#10;"/>
    <property name="java.specification.name" value="Java Platform API Specification"/>
    <property name="java.vm.specification.vendor" value="Oracle Corporation"/>
    <property name="java.awt.graphicsenv" value="sun.awt.CGraphicsEnvironment"/>
    <property name="surefire.real.class.path" value="/Users/shivamchopra/Documents/Assingments/Trajector_Assingment/target/surefire/surefirebooter-20250908125443010_3.jar"/>
    <property name="sun.management.compiler" value="HotSpot 64-Bit Tiered Compilers"/>
    <property name="ftp.nonProxyHosts" value="local|*.local|169.254/16|*.169.254/16"/>
    <property name="java.runtime.version" value="11.0.28+0"/>
    <property name="user.name" value="shivamchopra"/>
    <property name="path.separator" value=":"/>
    <property name="os.version" value="14.7.2"/>
    <property name="java.runtime.name" value="OpenJDK Runtime Environment"/>
    <property name="file.encoding" value="UTF-8"/>
    <property name="java.vm.name" value="OpenJDK 64-Bit Server VM"/>
    <property name="java.vendor.version" value="Homebrew"/>
    <property name="localRepository" value="/Users/shivamchopra/.m2/repository"/>
    <property name="java.vendor.url.bug" value="https://github.com/Homebrew/homebrew-core/issues"/>
    <property name="java.io.tmpdir" value="/var/folders/x0/36pq3g0n2bn77p58yhk5l33h0000gn/T/"/>
    <property name="java.version" value="11.0.28"/>
    <property name="user.dir" value="/Users/shivamchopra/Documents/Assingments/Trajector_Assingment"/>
    <property name="os.arch" value="aarch64"/>
    <property name="java.vm.specification.name" value="Java Virtual Machine Specification"/>
    <property name="java.awt.printerjob" value="sun.lwawt.macosx.CPrinterJob"/>
    <property name="sun.os.patch.level" value="unknown"/>
    <property name="java.library.path" value="/Users/shivamchopra/Library/Java/Extensions:/Library/Java/Extensions:/Network/Library/Java/Extensions:/System/Library/Java/Extensions:/usr/lib/java:."/>
    <property name="java.vm.info" value="mixed mode"/>
    <property name="java.vendor" value="Homebrew"/>
    <property name="java.vm.version" value="11.0.28+0"/>
    <property name="java.specification.maintenance.version" value="3"/>
    <property name="sun.io.unicode.encoding" value="UnicodeBig"/>
    <property name="java.class.version" value="55.0"/>
    <property name="socksNonProxyHosts" value="local|*.local|169.254/16|*.169.254/16"/>
  </properties>
  <testcase name="trajectorMedicalHomePageTest" classname="com.qa.tests.TrajectorSmokeTest" time="0.4">
    <system-out><![CDATA[Log4j will write logs to test-logs.txt
2025-09-08 12:54:43 [INFO] *****  Test  Started  *****
2025-09-08 12:54:43 [INFO] PlaywrightFactory initialized
2025-09-08 12:54:43 [INFO] Properties loaded
2025-09-08 12:54:43 [INFO] Browser set to: chrome
browser name is : chrome
Step 1: Navigating to trajectormedical.com
2025-09-08 12:54:50 [INFO] Browser initialized and go to: https://www.trajectormedical.com/
2025-09-08 12:54:50 [INFO] HomePage object created
2025-09-08 12:54:50 [INFO] Step 1: Verifying Home Page
page title: Medical Evidence To Support Your Disability Claim - Trajector Medical
2025-09-08 12:54:50 [INFO] Home page title verified: Medical Evidence To Support Your Disability Claim - Trajector Medical
page url : https://www.trajectormedical.com/
2025-09-08 12:54:50 [INFO] Home page URL verified: https://www.trajectormedical.com/
Review section is visibletrue
2025-09-08 12:54:50 [INFO] Review section verified
2025-09-08 12:54:50 [INFO] Step 2: Clicking Get Started button
Clicking on Get Started button...
Navigated to Get Started page
2025-09-08 12:54:51 [INFO] Successfully navigated to Get Started page
]]></system-out>
  </testcase>
  <testcase name="trajectorMedicalGetStartedPageTest" classname="com.qa.tests.TrajectorSmokeTest" time="11.825">
    <system-out><![CDATA[2025-09-08 12:54:51 [INFO] Step 3: Verifying Get Started Page
2025-09-08 12:54:51 [INFO] Get Started page title verified
page url : https://www.trajectormedical.com/lpg/get-started-today/
2025-09-08 12:54:51 [INFO] Get Started page URL verified
2025-09-08 12:54:51 [INFO] Form title verified
2025-09-08 12:54:51 [INFO] Step 4: Filling form with random test data
Filling form with random test data...
Filling disability radio: No
Filling veteran radio: No
Filling name: Test_Warner
Filling last name: Test_Grant
Filling email: kris.nikolaus@yahoo.com
Filling zip code: 207586
Filling phone number: 6550065215
Checking terms checkbox one
Checking terms checkbox two
2025-09-08 12:54:53 [INFO] Form filled successfully with random data
]]></system-out>
  </testcase>
</testsuite>